[2022-07-22 16:27:37:1509][restartedMain] INFO  G.GoGetter.GoGetterApplication - Starting GoGetterApplication using Java 11.0.15.1 on soonim.local with PID 15006 (/Users/soo/GoGetter/out/production/classes started by soo in /Users/soo/GoGetter)
[2022-07-22 16:27:37:1511][restartedMain] INFO  G.GoGetter.GoGetterApplication - The following 1 profile is active: "local"
[2022-07-22 16:27:37:1611][restartedMain] INFO  o.s.b.d.restart.ChangeableUrls - The Class-Path manifest attribute in /Users/soo/.gradle/caches/modules-2/files-2.1/io.grpc/grpc-netty-shaded/1.39.0/de29a0879a702fc527e3dd8c9af2f4f92b5a7738/grpc-netty-shaded-1.39.0.jar referenced one or more files that do not exist: file:/Users/soo/.gradle/caches/modules-2/files-2.1/io.grpc/grpc-netty-shaded/1.39.0/de29a0879a702fc527e3dd8c9af2f4f92b5a7738/grpc-core-1.39.0.jar,file:/Users/soo/.gradle/caches/modules-2/files-2.1/io.grpc/grpc-netty-shaded/1.39.0/de29a0879a702fc527e3dd8c9af2f4f92b5a7738/grpc-api-1.39.0.jar,file:/Users/soo/.gradle/caches/modules-2/files-2.1/io.grpc/grpc-netty-shaded/1.39.0/de29a0879a702fc527e3dd8c9af2f4f92b5a7738/guava-30.1-android.jar,file:/Users/soo/.gradle/caches/modules-2/files-2.1/io.grpc/grpc-netty-shaded/1.39.0/de29a0879a702fc527e3dd8c9af2f4f92b5a7738/error_prone_annotations-2.4.0.jar,file:/Users/soo/.gradle/caches/modules-2/files-2.1/io.grpc/grpc-netty-shaded/1.39.0/de29a0879a702fc527e3dd8c9af2f4f92b5a7738/perfmark-api-0.23.0.jar,file:/Users/soo/.gradle/caches/modules-2/files-2.1/io.grpc/grpc-netty-shaded/1.39.0/de29a0879a702fc527e3dd8c9af2f4f92b5a7738/failureaccess-1.0.1.jar,file:/Users/soo/.gradle/caches/modules-2/files-2.1/io.grpc/grpc-netty-shaded/1.39.0/de29a0879a702fc527e3dd8c9af2f4f92b5a7738/listenablefuture-9999.0-empty-to-avoid-conflict-with-guava.jar,file:/Users/soo/.gradle/caches/modules-2/files-2.1/io.grpc/grpc-netty-shaded/1.39.0/de29a0879a702fc527e3dd8c9af2f4f92b5a7738/jsr305-3.0.2.jar,file:/Users/soo/.gradle/caches/modules-2/files-2.1/io.grpc/grpc-netty-shaded/1.39.0/de29a0879a702fc527e3dd8c9af2f4f92b5a7738/checker-compat-qual-2.5.5.jar,file:/Users/soo/.gradle/caches/modules-2/files-2.1/io.grpc/grpc-netty-shaded/1.39.0/de29a0879a702fc527e3dd8c9af2f4f92b5a7738/j2objc-annotations-1.3.jar,file:/Users/soo/.gradle/caches/modules-2/files-2.1/io.grpc/grpc-netty-shaded/1.39.0/de29a0879a702fc527e3dd8c9af2f4f92b5a7738/gson-2.8.6.jar,file:/Users/soo/.gradle/caches/modules-2/files-2.1/io.grpc/grpc-netty-shaded/1.39.0/de29a0879a702fc527e3dd8c9af2f4f92b5a7738/annotations-4.1.1.4.jar,file:/Users/soo/.gradle/caches/modules-2/files-2.1/io.grpc/grpc-netty-shaded/1.39.0/de29a0879a702fc527e3dd8c9af2f4f92b5a7738/animal-sniffer-annotations-1.19.jar,file:/Users/soo/.gradle/caches/modules-2/files-2.1/io.grpc/grpc-netty-shaded/1.39.0/de29a0879a702fc527e3dd8c9af2f4f92b5a7738/grpc-context-1.39.0.jar
[2022-07-22 16:27:37:1612][restartedMain] INFO  o.s.b.d.restart.ChangeableUrls - The Class-Path manifest attribute in /Users/soo/.gradle/caches/modules-2/files-2.1/io.grpc/grpc-alts/1.39.0/7cfb9a940b68812e5449f867e27728668130bedb/grpc-alts-1.39.0.jar referenced one or more files that do not exist: file:/Users/soo/.gradle/caches/modules-2/files-2.1/io.grpc/grpc-alts/1.39.0/7cfb9a940b68812e5449f867e27728668130bedb/grpc-auth-1.39.0.jar,file:/Users/soo/.gradle/caches/modules-2/files-2.1/io.grpc/grpc-alts/1.39.0/7cfb9a940b68812e5449f867e27728668130bedb/grpc-grpclb-1.39.0.jar,file:/Users/soo/.gradle/caches/modules-2/files-2.1/io.grpc/grpc-alts/1.39.0/7cfb9a940b68812e5449f867e27728668130bedb/grpc-protobuf-1.39.0.jar,file:/Users/soo/.gradle/caches/modules-2/files-2.1/io.grpc/grpc-alts/1.39.0/7cfb9a940b68812e5449f867e27728668130bedb/grpc-stub-1.39.0.jar,file:/Users/soo/.gradle/caches/modules-2/files-2.1/io.grpc/grpc-alts/1.39.0/7cfb9a940b68812e5449f867e27728668130bedb/protobuf-java-util-3.17.2.jar,file:/Users/soo/.gradle/caches/modules-2/files-2.1/io.grpc/grpc-alts/1.39.0/7cfb9a940b68812e5449f867e27728668130bedb/proto-google-common-protos-2.0.1.jar,file:/Users/soo/.gradle/caches/modules-2/files-2.1/io.grpc/grpc-alts/1.39.0/7cfb9a940b68812e5449f867e27728668130bedb/protobuf-java-3.17.2.jar,file:/Users/soo/.gradle/caches/modules-2/files-2.1/io.grpc/grpc-alts/1.39.0/7cfb9a940b68812e5449f867e27728668130bedb/conscrypt-openjdk-uber-2.5.1.jar,file:/Users/soo/.gradle/caches/modules-2/files-2.1/io.grpc/grpc-alts/1.39.0/7cfb9a940b68812e5449f867e27728668130bedb/google-auth-library-oauth2-http-0.22.2.jar,file:/Users/soo/.gradle/caches/modules-2/files-2.1/io.grpc/grpc-alts/1.39.0/7cfb9a940b68812e5449f867e27728668130bedb/grpc-netty-shaded-1.39.0.jar,file:/Users/soo/.gradle/caches/modules-2/files-2.1/io.grpc/grpc-alts/1.39.0/7cfb9a940b68812e5449f867e27728668130bedb/grpc-core-1.39.0.jar,file:/Users/soo/.gradle/caches/modules-2/files-2.1/io.grpc/grpc-alts/1.39.0/7cfb9a940b68812e5449f867e27728668130bedb/grpc-protobuf-lite-1.39.0.jar,file:/Users/soo/.gradle/caches/modules-2/files-2.1/io.grpc/grpc-alts/1.39.0/7cfb9a940b68812e5449f867e27728668130bedb/grpc-api-1.39.0.jar,file:/Users/soo/.gradle/caches/modules-2/files-2.1/io.grpc/grpc-alts/1.39.0/7cfb9a940b68812e5449f867e27728668130bedb/google-http-client-jackson2-1.38.0.jar,file:/Users/soo/.gradle/caches/modules-2/files-2.1/io.grpc/grpc-alts/1.39.0/7cfb9a940b68812e5449f867e27728668130bedb/google-http-client-1.38.0.jar,file:/Users/soo/.gradle/caches/modules-2/files-2.1/io.grpc/grpc-alts/1.39.0/7cfb9a940b68812e5449f867e27728668130bedb/opencensus-contrib-http-util-0.24.0.jar,file:/Users/soo/.gradle/caches/modules-2/files-2.1/io.grpc/grpc-alts/1.39.0/7cfb9a940b68812e5449f867e27728668130bedb/guava-30.1-android.jar,file:/Users/soo/.gradle/caches/modules-2/files-2.1/io.grpc/grpc-alts/1.39.0/7cfb9a940b68812e5449f867e27728668130bedb/google-auth-library-credentials-0.22.2.jar,file:/Users/soo/.gradle/caches/modules-2/files-2.1/io.grpc/grpc-alts/1.39.0/7cfb9a940b68812e5449f867e27728668130bedb/error_prone_annotations-2.4.0.jar,file:/Users/soo/.gradle/caches/modules-2/files-2.1/io.grpc/grpc-alts/1.39.0/7cfb9a940b68812e5449f867e27728668130bedb/jsr305-3.0.2.jar,file:/Users/soo/.gradle/caches/modules-2/files-2.1/io.grpc/grpc-alts/1.39.0/7cfb9a940b68812e5449f867e27728668130bedb/failureaccess-1.0.1.jar,file:/Users/soo/.gradle/caches/modules-2/files-2.1/io.grpc/grpc-alts/1.39.0/7cfb9a940b68812e5449f867e27728668130bedb/listenablefuture-9999.0-empty-to-avoid-conflict-with-guava.jar,file:/Users/soo/.gradle/caches/modules-2/files-2.1/io.grpc/grpc-alts/1.39.0/7cfb9a940b68812e5449f867e27728668130bedb/checker-compat-qual-2.5.5.jar,file:/Users/soo/.gradle/caches/modules-2/files-2.1/io.grpc/grpc-alts/1.39.0/7cfb9a940b68812e5449f867e27728668130bedb/j2objc-annotations-1.3.jar,file:/Users/soo/.gradle/caches/modules-2/files-2.1/io.grpc/grpc-alts/1.39.0/7cfb9a940b68812e5449f867e27728668130bedb/auto-value-annotations-1.7.4.jar,file:/Users/soo/.gradle/caches/modules-2/files-2.1/io.grpc/grpc-alts/1.39.0/7cfb9a940b68812e5449f867e27728668130bedb/perfmark-api-0.23.0.jar,file:/Users/soo/.gradle/caches/modules-2/files-2.1/io.grpc/grpc-alts/1.39.0/7cfb9a940b68812e5449f867e27728668130bedb/opencensus-api-0.24.0.jar,file:/Users/soo/.gradle/caches/modules-2/files-2.1/io.grpc/grpc-alts/1.39.0/7cfb9a940b68812e5449f867e27728668130bedb/grpc-context-1.39.0.jar,file:/Users/soo/.gradle/caches/modules-2/files-2.1/io.grpc/grpc-alts/1.39.0/7cfb9a940b68812e5449f867e27728668130bedb/gson-2.8.6.jar,file:/Users/soo/.gradle/caches/modules-2/files-2.1/io.grpc/grpc-alts/1.39.0/7cfb9a940b68812e5449f867e27728668130bedb/annotations-4.1.1.4.jar,file:/Users/soo/.gradle/caches/modules-2/files-2.1/io.grpc/grpc-alts/1.39.0/7cfb9a940b68812e5449f867e27728668130bedb/animal-sniffer-annotations-1.19.jar,file:/Users/soo/.gradle/caches/modules-2/files-2.1/io.grpc/grpc-alts/1.39.0/7cfb9a940b68812e5449f867e27728668130bedb/httpclient-4.5.13.jar,file:/Users/soo/.gradle/caches/modules-2/files-2.1/io.grpc/grpc-alts/1.39.0/7cfb9a940b68812e5449f867e27728668130bedb/httpcore-4.4.13.jar,file:/Users/soo/.gradle/caches/modules-2/files-2.1/io.grpc/grpc-alts/1.39.0/7cfb9a940b68812e5449f867e27728668130bedb/jackson-core-2.11.3.jar,file:/Users/soo/.gradle/caches/modules-2/files-2.1/io.grpc/grpc-alts/1.39.0/7cfb9a940b68812e5449f867e27728668130bedb/commons-logging-1.2.jar,file:/Users/soo/.gradle/caches/modules-2/files-2.1/io.grpc/grpc-alts/1.39.0/7cfb9a940b68812e5449f867e27728668130bedb/commons-codec-1.11.jar
[2022-07-22 16:27:37:1614][restartedMain] INFO  o.s.b.d.e.DevToolsPropertyDefaultsPostProcessor - Devtools property defaults active! Set 'spring.devtools.add-properties' to 'false' to disable
[2022-07-22 16:27:37:1614][restartedMain] INFO  o.s.b.d.e.DevToolsPropertyDefaultsPostProcessor - For additional web related logging consider setting the 'logging.level.web' property to 'DEBUG'
[2022-07-22 16:27:39:3390][restartedMain] INFO  o.s.d.r.c.RepositoryConfigurationDelegate - Multiple Spring Data modules found, entering strict repository configuration mode
[2022-07-22 16:27:39:3393][restartedMain] INFO  o.s.d.r.c.RepositoryConfigurationDelegate - Bootstrapping Spring Data JPA repositories in DEFAULT mode.
[2022-07-22 16:27:39:3445][restartedMain] INFO  o.s.d.r.c.RepositoryConfigurationDelegate - Finished Spring Data repository scanning in 44 ms. Found 0 JPA repository interfaces.
[2022-07-22 16:27:39:3482][restartedMain] INFO  o.s.d.r.c.RepositoryConfigurationDelegate - Multiple Spring Data modules found, entering strict repository configuration mode
[2022-07-22 16:27:39:3484][restartedMain] INFO  o.s.d.r.c.RepositoryConfigurationDelegate - Bootstrapping Spring Data Redis repositories in DEFAULT mode.
[2022-07-22 16:27:39:3499][restartedMain] INFO  o.s.d.r.c.RepositoryConfigurationDelegate - Finished Spring Data repository scanning in 8 ms. Found 0 Redis repository interfaces.
[2022-07-22 16:27:40:5076][restartedMain] INFO  io.undertow.servlet - Initializing Spring embedded WebApplicationContext
[2022-07-22 16:27:40:5079][restartedMain] INFO  o.s.b.w.s.c.ServletWebServerApplicationContext - Root WebApplicationContext: initialization completed in 3464 ms
[2022-07-22 16:27:40:5143][restartedMain] INFO  com.zaxxer.hikari.HikariDataSource - HikariPool-1 - Starting...
[2022-07-22 16:27:40:5241][restartedMain] INFO  com.zaxxer.hikari.HikariDataSource - HikariPool-1 - Start completed.
[2022-07-22 16:27:41:5271][restartedMain] INFO  o.s.b.a.h.H2ConsoleAutoConfiguration - H2 console available at '/h2-console'. Database available at 'jdbc:h2:tcp://localhost/~/GoGetter'
[2022-07-22 16:27:41:5604][restartedMain] INFO  o.h.jpa.internal.util.LogHelper - HHH000204: Processing PersistenceUnitInfo [name: default]
[2022-07-22 16:27:41:5648][restartedMain] INFO  org.hibernate.Version - HHH000412: Hibernate ORM core version 5.6.9.Final
[2022-07-22 16:27:41:5805][restartedMain] INFO  o.h.annotations.common.Version - HCANN000001: Hibernate Commons Annotations {5.1.2.Final}
[2022-07-22 16:27:41:5965][restartedMain] INFO  org.hibernate.dialect.Dialect - HHH000400: Using dialect: org.hibernate.dialect.H2Dialect
[2022-07-22 16:27:42:6960][restartedMain] INFO  o.h.e.t.j.p.i.JtaPlatformInitiator - HHH000490: Using JtaPlatform implementation: [org.hibernate.engine.transaction.jta.platform.internal.NoJtaPlatform]
[2022-07-22 16:27:42:6976][restartedMain] INFO  o.s.o.j.LocalContainerEntityManagerFactoryBean - Initialized JPA EntityManagerFactory for persistence unit 'default'
[2022-07-22 16:27:43:8035][restartedMain] WARN  o.s.b.a.o.j.JpaBaseConfiguration$JpaWebConfiguration - spring.jpa.open-in-view is enabled by default. Therefore, database queries may be performed during view rendering. Explicitly configure spring.jpa.open-in-view to disable this warning
[2022-07-22 16:27:44:8522][restartedMain] WARN  o.s.b.a.s.s.UserDetailsServiceAutoConfiguration - 

Using generated security password: 20a6bcb2-922b-41f8-9b9e-69230da00901

This generated password is for development use only. Your security configuration must be updated before running your application in production.

[2022-07-22 16:27:44:8643][restartedMain] INFO  o.s.s.w.DefaultSecurityFilterChain - Will secure any request with [org.springframework.security.web.session.DisableEncodeUrlFilter@4fb1abf6, org.springframework.security.web.context.request.async.WebAsyncManagerIntegrationFilter@381ba98f, org.springframework.security.web.context.SecurityContextPersistenceFilter@600aa23a, org.springframework.security.web.header.HeaderWriterFilter@6d0633f8, org.springframework.security.web.authentication.logout.LogoutFilter@2ec8bfd3, GoGetters.GoGetter.filter.JwtRequestFilter@5ec9410c, org.springframework.security.web.authentication.www.BasicAuthenticationFilter@37071a43, org.springframework.security.web.savedrequest.RequestCacheAwareFilter@72112fd0, org.springframework.security.web.servletapi.SecurityContextHolderAwareRequestFilter@8d1695b, org.springframework.security.web.authentication.AnonymousAuthenticationFilter@7c376bab, org.springframework.security.web.session.SessionManagementFilter@5e4cbf3a, org.springframework.security.web.access.ExceptionTranslationFilter@4b359f0, org.springframework.security.web.access.intercept.FilterSecurityInterceptor@5dd89e97]
[2022-07-22 16:27:44:8661][restartedMain] WARN  o.s.s.c.a.web.builders.WebSecurity - You are asking Spring Security to ignore Ant [pattern='/v2/api-docs']. This is not recommended -- please use permitAll via HttpSecurity#authorizeHttpRequests instead.
[2022-07-22 16:27:44:8662][restartedMain] INFO  o.s.s.w.DefaultSecurityFilterChain - Will not secure Ant [pattern='/v2/api-docs']
[2022-07-22 16:27:44:8662][restartedMain] WARN  o.s.s.c.a.web.builders.WebSecurity - You are asking Spring Security to ignore Ant [pattern='/swagger-resources/**']. This is not recommended -- please use permitAll via HttpSecurity#authorizeHttpRequests instead.
[2022-07-22 16:27:44:8662][restartedMain] INFO  o.s.s.w.DefaultSecurityFilterChain - Will not secure Ant [pattern='/swagger-resources/**']
[2022-07-22 16:27:44:8662][restartedMain] WARN  o.s.s.c.a.web.builders.WebSecurity - You are asking Spring Security to ignore Ant [pattern='/swagger-ui.html']. This is not recommended -- please use permitAll via HttpSecurity#authorizeHttpRequests instead.
[2022-07-22 16:27:44:8662][restartedMain] INFO  o.s.s.w.DefaultSecurityFilterChain - Will not secure Ant [pattern='/swagger-ui.html']
[2022-07-22 16:27:44:8662][restartedMain] WARN  o.s.s.c.a.web.builders.WebSecurity - You are asking Spring Security to ignore Ant [pattern='/webjars/**']. This is not recommended -- please use permitAll via HttpSecurity#authorizeHttpRequests instead.
[2022-07-22 16:27:44:8662][restartedMain] INFO  o.s.s.w.DefaultSecurityFilterChain - Will not secure Ant [pattern='/webjars/**']
[2022-07-22 16:27:44:8662][restartedMain] WARN  o.s.s.c.a.web.builders.WebSecurity - You are asking Spring Security to ignore Ant [pattern='/swagger/**']. This is not recommended -- please use permitAll via HttpSecurity#authorizeHttpRequests instead.
[2022-07-22 16:27:44:8662][restartedMain] INFO  o.s.s.w.DefaultSecurityFilterChain - Will not secure Ant [pattern='/swagger/**']
[2022-07-22 16:27:44:8725][restartedMain] INFO  s.d.s.w.PropertySourcedRequestMappingHandlerMapping - Mapped URL path [/v2/api-docs] onto method [springfox.documentation.swagger2.web.Swagger2Controller#getDocumentation(String, HttpServletRequest)]
[2022-07-22 16:27:44:8968][restartedMain] INFO  o.s.b.d.a.OptionalLiveReloadServer - LiveReload server is running on port 35729
[2022-07-22 16:27:45:9561][restartedMain] INFO  io.undertow - starting server: Undertow - 2.2.18.Final
[2022-07-22 16:27:45:9570][restartedMain] INFO  org.xnio - XNIO version 3.8.7.Final
[2022-07-22 16:27:45:9580][restartedMain] INFO  org.xnio.nio - XNIO NIO Implementation Version 3.8.7.Final
[2022-07-22 16:27:45:9700][restartedMain] INFO  org.jboss.threads - JBoss Threads version 3.1.0.Final
[2022-07-22 16:27:45:9786][restartedMain] INFO  o.s.b.w.e.u.UndertowWebServer - Undertow started on port(s) 8080 (http)
[2022-07-22 16:27:45:9798][restartedMain] INFO  s.d.s.w.p.DocumentationPluginsBootstrapper - Context refreshed
[2022-07-22 16:27:45:9813][restartedMain] INFO  s.d.s.w.p.DocumentationPluginsBootstrapper - Found 1 custom documentation plugin(s)
[2022-07-22 16:27:45:9899][restartedMain] INFO  s.d.s.w.s.ApiListingReferenceScanner - Scanning for api listing references
[2022-07-22 16:27:45:10146][restartedMain] INFO  G.GoGetter.GoGetterApplication - Started GoGetterApplication in 9.671 seconds (JVM running for 10.606)
[2022-07-22 16:28:51:75667][SpringApplicationShutdownHook] INFO  io.undertow - stopping server: Undertow - 2.2.18.Final
[2022-07-22 16:28:51:75850][SpringApplicationShutdownHook] INFO  o.s.o.j.LocalContainerEntityManagerFactoryBean - Closing JPA EntityManagerFactory for persistence unit 'default'
[2022-07-22 16:28:51:75858][SpringApplicationShutdownHook] INFO  com.zaxxer.hikari.HikariDataSource - HikariPool-1 - Shutdown initiated...
[2022-07-22 16:28:51:75884][SpringApplicationShutdownHook] INFO  com.zaxxer.hikari.HikariDataSource - HikariPool-1 - Shutdown completed.
[2022-07-22 16:28:55:1522][restartedMain] INFO  G.GoGetter.GoGetterApplication - Starting GoGetterApplication using Java 11.0.15.1 on soonim.local with PID 15103 (/Users/soo/GoGetter/out/production/classes started by soo in /Users/soo/GoGetter)
[2022-07-22 16:28:55:1527][restartedMain] INFO  G.GoGetter.GoGetterApplication - The following 1 profile is active: "local"
[2022-07-22 16:28:55:1610][restartedMain] INFO  o.s.b.d.restart.ChangeableUrls - The Class-Path manifest attribute in /Users/soo/.gradle/caches/modules-2/files-2.1/io.grpc/grpc-netty-shaded/1.39.0/de29a0879a702fc527e3dd8c9af2f4f92b5a7738/grpc-netty-shaded-1.39.0.jar referenced one or more files that do not exist: file:/Users/soo/.gradle/caches/modules-2/files-2.1/io.grpc/grpc-netty-shaded/1.39.0/de29a0879a702fc527e3dd8c9af2f4f92b5a7738/grpc-core-1.39.0.jar,file:/Users/soo/.gradle/caches/modules-2/files-2.1/io.grpc/grpc-netty-shaded/1.39.0/de29a0879a702fc527e3dd8c9af2f4f92b5a7738/grpc-api-1.39.0.jar,file:/Users/soo/.gradle/caches/modules-2/files-2.1/io.grpc/grpc-netty-shaded/1.39.0/de29a0879a702fc527e3dd8c9af2f4f92b5a7738/guava-30.1-android.jar,file:/Users/soo/.gradle/caches/modules-2/files-2.1/io.grpc/grpc-netty-shaded/1.39.0/de29a0879a702fc527e3dd8c9af2f4f92b5a7738/error_prone_annotations-2.4.0.jar,file:/Users/soo/.gradle/caches/modules-2/files-2.1/io.grpc/grpc-netty-shaded/1.39.0/de29a0879a702fc527e3dd8c9af2f4f92b5a7738/perfmark-api-0.23.0.jar,file:/Users/soo/.gradle/caches/modules-2/files-2.1/io.grpc/grpc-netty-shaded/1.39.0/de29a0879a702fc527e3dd8c9af2f4f92b5a7738/failureaccess-1.0.1.jar,file:/Users/soo/.gradle/caches/modules-2/files-2.1/io.grpc/grpc-netty-shaded/1.39.0/de29a0879a702fc527e3dd8c9af2f4f92b5a7738/listenablefuture-9999.0-empty-to-avoid-conflict-with-guava.jar,file:/Users/soo/.gradle/caches/modules-2/files-2.1/io.grpc/grpc-netty-shaded/1.39.0/de29a0879a702fc527e3dd8c9af2f4f92b5a7738/jsr305-3.0.2.jar,file:/Users/soo/.gradle/caches/modules-2/files-2.1/io.grpc/grpc-netty-shaded/1.39.0/de29a0879a702fc527e3dd8c9af2f4f92b5a7738/checker-compat-qual-2.5.5.jar,file:/Users/soo/.gradle/caches/modules-2/files-2.1/io.grpc/grpc-netty-shaded/1.39.0/de29a0879a702fc527e3dd8c9af2f4f92b5a7738/j2objc-annotations-1.3.jar,file:/Users/soo/.gradle/caches/modules-2/files-2.1/io.grpc/grpc-netty-shaded/1.39.0/de29a0879a702fc527e3dd8c9af2f4f92b5a7738/gson-2.8.6.jar,file:/Users/soo/.gradle/caches/modules-2/files-2.1/io.grpc/grpc-netty-shaded/1.39.0/de29a0879a702fc527e3dd8c9af2f4f92b5a7738/annotations-4.1.1.4.jar,file:/Users/soo/.gradle/caches/modules-2/files-2.1/io.grpc/grpc-netty-shaded/1.39.0/de29a0879a702fc527e3dd8c9af2f4f92b5a7738/animal-sniffer-annotations-1.19.jar,file:/Users/soo/.gradle/caches/modules-2/files-2.1/io.grpc/grpc-netty-shaded/1.39.0/de29a0879a702fc527e3dd8c9af2f4f92b5a7738/grpc-context-1.39.0.jar
[2022-07-22 16:28:55:1610][restartedMain] INFO  o.s.b.d.restart.ChangeableUrls - The Class-Path manifest attribute in /Users/soo/.gradle/caches/modules-2/files-2.1/io.grpc/grpc-alts/1.39.0/7cfb9a940b68812e5449f867e27728668130bedb/grpc-alts-1.39.0.jar referenced one or more files that do not exist: file:/Users/soo/.gradle/caches/modules-2/files-2.1/io.grpc/grpc-alts/1.39.0/7cfb9a940b68812e5449f867e27728668130bedb/grpc-auth-1.39.0.jar,file:/Users/soo/.gradle/caches/modules-2/files-2.1/io.grpc/grpc-alts/1.39.0/7cfb9a940b68812e5449f867e27728668130bedb/grpc-grpclb-1.39.0.jar,file:/Users/soo/.gradle/caches/modules-2/files-2.1/io.grpc/grpc-alts/1.39.0/7cfb9a940b68812e5449f867e27728668130bedb/grpc-protobuf-1.39.0.jar,file:/Users/soo/.gradle/caches/modules-2/files-2.1/io.grpc/grpc-alts/1.39.0/7cfb9a940b68812e5449f867e27728668130bedb/grpc-stub-1.39.0.jar,file:/Users/soo/.gradle/caches/modules-2/files-2.1/io.grpc/grpc-alts/1.39.0/7cfb9a940b68812e5449f867e27728668130bedb/protobuf-java-util-3.17.2.jar,file:/Users/soo/.gradle/caches/modules-2/files-2.1/io.grpc/grpc-alts/1.39.0/7cfb9a940b68812e5449f867e27728668130bedb/proto-google-common-protos-2.0.1.jar,file:/Users/soo/.gradle/caches/modules-2/files-2.1/io.grpc/grpc-alts/1.39.0/7cfb9a940b68812e5449f867e27728668130bedb/protobuf-java-3.17.2.jar,file:/Users/soo/.gradle/caches/modules-2/files-2.1/io.grpc/grpc-alts/1.39.0/7cfb9a940b68812e5449f867e27728668130bedb/conscrypt-openjdk-uber-2.5.1.jar,file:/Users/soo/.gradle/caches/modules-2/files-2.1/io.grpc/grpc-alts/1.39.0/7cfb9a940b68812e5449f867e27728668130bedb/google-auth-library-oauth2-http-0.22.2.jar,file:/Users/soo/.gradle/caches/modules-2/files-2.1/io.grpc/grpc-alts/1.39.0/7cfb9a940b68812e5449f867e27728668130bedb/grpc-netty-shaded-1.39.0.jar,file:/Users/soo/.gradle/caches/modules-2/files-2.1/io.grpc/grpc-alts/1.39.0/7cfb9a940b68812e5449f867e27728668130bedb/grpc-core-1.39.0.jar,file:/Users/soo/.gradle/caches/modules-2/files-2.1/io.grpc/grpc-alts/1.39.0/7cfb9a940b68812e5449f867e27728668130bedb/grpc-protobuf-lite-1.39.0.jar,file:/Users/soo/.gradle/caches/modules-2/files-2.1/io.grpc/grpc-alts/1.39.0/7cfb9a940b68812e5449f867e27728668130bedb/grpc-api-1.39.0.jar,file:/Users/soo/.gradle/caches/modules-2/files-2.1/io.grpc/grpc-alts/1.39.0/7cfb9a940b68812e5449f867e27728668130bedb/google-http-client-jackson2-1.38.0.jar,file:/Users/soo/.gradle/caches/modules-2/files-2.1/io.grpc/grpc-alts/1.39.0/7cfb9a940b68812e5449f867e27728668130bedb/google-http-client-1.38.0.jar,file:/Users/soo/.gradle/caches/modules-2/files-2.1/io.grpc/grpc-alts/1.39.0/7cfb9a940b68812e5449f867e27728668130bedb/opencensus-contrib-http-util-0.24.0.jar,file:/Users/soo/.gradle/caches/modules-2/files-2.1/io.grpc/grpc-alts/1.39.0/7cfb9a940b68812e5449f867e27728668130bedb/guava-30.1-android.jar,file:/Users/soo/.gradle/caches/modules-2/files-2.1/io.grpc/grpc-alts/1.39.0/7cfb9a940b68812e5449f867e27728668130bedb/google-auth-library-credentials-0.22.2.jar,file:/Users/soo/.gradle/caches/modules-2/files-2.1/io.grpc/grpc-alts/1.39.0/7cfb9a940b68812e5449f867e27728668130bedb/error_prone_annotations-2.4.0.jar,file:/Users/soo/.gradle/caches/modules-2/files-2.1/io.grpc/grpc-alts/1.39.0/7cfb9a940b68812e5449f867e27728668130bedb/jsr305-3.0.2.jar,file:/Users/soo/.gradle/caches/modules-2/files-2.1/io.grpc/grpc-alts/1.39.0/7cfb9a940b68812e5449f867e27728668130bedb/failureaccess-1.0.1.jar,file:/Users/soo/.gradle/caches/modules-2/files-2.1/io.grpc/grpc-alts/1.39.0/7cfb9a940b68812e5449f867e27728668130bedb/listenablefuture-9999.0-empty-to-avoid-conflict-with-guava.jar,file:/Users/soo/.gradle/caches/modules-2/files-2.1/io.grpc/grpc-alts/1.39.0/7cfb9a940b68812e5449f867e27728668130bedb/checker-compat-qual-2.5.5.jar,file:/Users/soo/.gradle/caches/modules-2/files-2.1/io.grpc/grpc-alts/1.39.0/7cfb9a940b68812e5449f867e27728668130bedb/j2objc-annotations-1.3.jar,file:/Users/soo/.gradle/caches/modules-2/files-2.1/io.grpc/grpc-alts/1.39.0/7cfb9a940b68812e5449f867e27728668130bedb/auto-value-annotations-1.7.4.jar,file:/Users/soo/.gradle/caches/modules-2/files-2.1/io.grpc/grpc-alts/1.39.0/7cfb9a940b68812e5449f867e27728668130bedb/perfmark-api-0.23.0.jar,file:/Users/soo/.gradle/caches/modules-2/files-2.1/io.grpc/grpc-alts/1.39.0/7cfb9a940b68812e5449f867e27728668130bedb/opencensus-api-0.24.0.jar,file:/Users/soo/.gradle/caches/modules-2/files-2.1/io.grpc/grpc-alts/1.39.0/7cfb9a940b68812e5449f867e27728668130bedb/grpc-context-1.39.0.jar,file:/Users/soo/.gradle/caches/modules-2/files-2.1/io.grpc/grpc-alts/1.39.0/7cfb9a940b68812e5449f867e27728668130bedb/gson-2.8.6.jar,file:/Users/soo/.gradle/caches/modules-2/files-2.1/io.grpc/grpc-alts/1.39.0/7cfb9a940b68812e5449f867e27728668130bedb/annotations-4.1.1.4.jar,file:/Users/soo/.gradle/caches/modules-2/files-2.1/io.grpc/grpc-alts/1.39.0/7cfb9a940b68812e5449f867e27728668130bedb/animal-sniffer-annotations-1.19.jar,file:/Users/soo/.gradle/caches/modules-2/files-2.1/io.grpc/grpc-alts/1.39.0/7cfb9a940b68812e5449f867e27728668130bedb/httpclient-4.5.13.jar,file:/Users/soo/.gradle/caches/modules-2/files-2.1/io.grpc/grpc-alts/1.39.0/7cfb9a940b68812e5449f867e27728668130bedb/httpcore-4.4.13.jar,file:/Users/soo/.gradle/caches/modules-2/files-2.1/io.grpc/grpc-alts/1.39.0/7cfb9a940b68812e5449f867e27728668130bedb/jackson-core-2.11.3.jar,file:/Users/soo/.gradle/caches/modules-2/files-2.1/io.grpc/grpc-alts/1.39.0/7cfb9a940b68812e5449f867e27728668130bedb/commons-logging-1.2.jar,file:/Users/soo/.gradle/caches/modules-2/files-2.1/io.grpc/grpc-alts/1.39.0/7cfb9a940b68812e5449f867e27728668130bedb/commons-codec-1.11.jar
[2022-07-22 16:28:55:1612][restartedMain] INFO  o.s.b.d.e.DevToolsPropertyDefaultsPostProcessor - Devtools property defaults active! Set 'spring.devtools.add-properties' to 'false' to disable
[2022-07-22 16:28:55:1612][restartedMain] INFO  o.s.b.d.e.DevToolsPropertyDefaultsPostProcessor - For additional web related logging consider setting the 'logging.level.web' property to 'DEBUG'
[2022-07-22 16:28:57:3326][restartedMain] INFO  o.s.d.r.c.RepositoryConfigurationDelegate - Multiple Spring Data modules found, entering strict repository configuration mode
[2022-07-22 16:28:57:3328][restartedMain] INFO  o.s.d.r.c.RepositoryConfigurationDelegate - Bootstrapping Spring Data JPA repositories in DEFAULT mode.
[2022-07-22 16:28:57:3392][restartedMain] INFO  o.s.d.r.c.RepositoryConfigurationDelegate - Finished Spring Data repository scanning in 52 ms. Found 0 JPA repository interfaces.
[2022-07-22 16:28:57:3441][restartedMain] INFO  o.s.d.r.c.RepositoryConfigurationDelegate - Multiple Spring Data modules found, entering strict repository configuration mode
[2022-07-22 16:28:57:3442][restartedMain] INFO  o.s.d.r.c.RepositoryConfigurationDelegate - Bootstrapping Spring Data Redis repositories in DEFAULT mode.
[2022-07-22 16:28:57:3457][restartedMain] INFO  o.s.d.r.c.RepositoryConfigurationDelegate - Finished Spring Data repository scanning in 7 ms. Found 0 Redis repository interfaces.
[2022-07-22 16:28:58:4964][restartedMain] INFO  io.undertow.servlet - Initializing Spring embedded WebApplicationContext
[2022-07-22 16:28:58:4967][restartedMain] INFO  o.s.b.w.s.c.ServletWebServerApplicationContext - Root WebApplicationContext: initialization completed in 3355 ms
[2022-07-22 16:28:58:5025][restartedMain] INFO  com.zaxxer.hikari.HikariDataSource - HikariPool-1 - Starting...
[2022-07-22 16:28:58:5121][restartedMain] INFO  com.zaxxer.hikari.HikariDataSource - HikariPool-1 - Start completed.
[2022-07-22 16:28:58:5150][restartedMain] INFO  o.s.b.a.h.H2ConsoleAutoConfiguration - H2 console available at '/h2-console'. Database available at 'jdbc:h2:tcp://localhost/~/GoGetter'
[2022-07-22 16:28:59:5469][restartedMain] INFO  o.h.jpa.internal.util.LogHelper - HHH000204: Processing PersistenceUnitInfo [name: default]
[2022-07-22 16:28:59:5509][restartedMain] INFO  org.hibernate.Version - HHH000412: Hibernate ORM core version 5.6.9.Final
[2022-07-22 16:28:59:5695][restartedMain] INFO  o.h.annotations.common.Version - HCANN000001: Hibernate Commons Annotations {5.1.2.Final}
[2022-07-22 16:28:59:5828][restartedMain] INFO  org.hibernate.dialect.Dialect - HHH000400: Using dialect: org.hibernate.dialect.H2Dialect
[2022-07-22 16:29:00:6744][restartedMain] INFO  o.h.e.t.j.p.i.JtaPlatformInitiator - HHH000490: Using JtaPlatform implementation: [org.hibernate.engine.transaction.jta.platform.internal.NoJtaPlatform]
[2022-07-22 16:29:00:6758][restartedMain] INFO  o.s.o.j.LocalContainerEntityManagerFactoryBean - Initialized JPA EntityManagerFactory for persistence unit 'default'
[2022-07-22 16:29:01:7580][restartedMain] WARN  o.s.b.a.o.j.JpaBaseConfiguration$JpaWebConfiguration - spring.jpa.open-in-view is enabled by default. Therefore, database queries may be performed during view rendering. Explicitly configure spring.jpa.open-in-view to disable this warning
[2022-07-22 16:29:01:8128][restartedMain] WARN  o.s.b.a.s.s.UserDetailsServiceAutoConfiguration - 

Using generated security password: 1f62a346-221d-42d1-b327-f86ec046ee0f

This generated password is for development use only. Your security configuration must be updated before running your application in production.

[2022-07-22 16:29:02:8275][restartedMain] INFO  o.s.s.w.DefaultSecurityFilterChain - Will secure any request with [org.springframework.security.web.session.DisableEncodeUrlFilter@52d962d5, org.springframework.security.web.context.request.async.WebAsyncManagerIntegrationFilter@24c19a7d, org.springframework.security.web.context.SecurityContextPersistenceFilter@da151a6, org.springframework.security.web.header.HeaderWriterFilter@1c33f030, org.springframework.security.web.authentication.logout.LogoutFilter@3dfc18ed, GoGetters.GoGetter.filter.JwtRequestFilter@7f8a55dd, org.springframework.security.web.authentication.www.BasicAuthenticationFilter@22e4d4da, org.springframework.security.web.savedrequest.RequestCacheAwareFilter@33a38ac3, org.springframework.security.web.servletapi.SecurityContextHolderAwareRequestFilter@47bd8f68, org.springframework.security.web.authentication.AnonymousAuthenticationFilter@6736543e, org.springframework.security.web.session.SessionManagementFilter@26808a34, org.springframework.security.web.access.ExceptionTranslationFilter@291141a1, org.springframework.security.web.access.intercept.FilterSecurityInterceptor@42a93824]
[2022-07-22 16:29:02:8298][restartedMain] WARN  o.s.s.c.a.web.builders.WebSecurity - You are asking Spring Security to ignore Ant [pattern='/v2/api-docs']. This is not recommended -- please use permitAll via HttpSecurity#authorizeHttpRequests instead.
[2022-07-22 16:29:02:8299][restartedMain] INFO  o.s.s.w.DefaultSecurityFilterChain - Will not secure Ant [pattern='/v2/api-docs']
[2022-07-22 16:29:02:8300][restartedMain] WARN  o.s.s.c.a.web.builders.WebSecurity - You are asking Spring Security to ignore Ant [pattern='/swagger-resources/**']. This is not recommended -- please use permitAll via HttpSecurity#authorizeHttpRequests instead.
[2022-07-22 16:29:02:8300][restartedMain] INFO  o.s.s.w.DefaultSecurityFilterChain - Will not secure Ant [pattern='/swagger-resources/**']
[2022-07-22 16:29:02:8300][restartedMain] WARN  o.s.s.c.a.web.builders.WebSecurity - You are asking Spring Security to ignore Ant [pattern='/swagger-ui.html']. This is not recommended -- please use permitAll via HttpSecurity#authorizeHttpRequests instead.
[2022-07-22 16:29:02:8300][restartedMain] INFO  o.s.s.w.DefaultSecurityFilterChain - Will not secure Ant [pattern='/swagger-ui.html']
[2022-07-22 16:29:02:8300][restartedMain] WARN  o.s.s.c.a.web.builders.WebSecurity - You are asking Spring Security to ignore Ant [pattern='/webjars/**']. This is not recommended -- please use permitAll via HttpSecurity#authorizeHttpRequests instead.
[2022-07-22 16:29:02:8300][restartedMain] INFO  o.s.s.w.DefaultSecurityFilterChain - Will not secure Ant [pattern='/webjars/**']
[2022-07-22 16:29:02:8300][restartedMain] WARN  o.s.s.c.a.web.builders.WebSecurity - You are asking Spring Security to ignore Ant [pattern='/swagger/**']. This is not recommended -- please use permitAll via HttpSecurity#authorizeHttpRequests instead.
[2022-07-22 16:29:02:8300][restartedMain] INFO  o.s.s.w.DefaultSecurityFilterChain - Will not secure Ant [pattern='/swagger/**']
[2022-07-22 16:29:02:8367][restartedMain] INFO  s.d.s.w.PropertySourcedRequestMappingHandlerMapping - Mapped URL path [/v2/api-docs] onto method [springfox.documentation.swagger2.web.Swagger2Controller#getDocumentation(String, HttpServletRequest)]
[2022-07-22 16:29:02:8596][restartedMain] INFO  o.s.b.d.a.OptionalLiveReloadServer - LiveReload server is running on port 35729
[2022-07-22 16:29:02:9130][restartedMain] INFO  io.undertow - starting server: Undertow - 2.2.18.Final
[2022-07-22 16:29:02:9140][restartedMain] INFO  org.xnio - XNIO version 3.8.7.Final
[2022-07-22 16:29:02:9151][restartedMain] INFO  org.xnio.nio - XNIO NIO Implementation Version 3.8.7.Final
[2022-07-22 16:29:03:9269][restartedMain] INFO  org.jboss.threads - JBoss Threads version 3.1.0.Final
[2022-07-22 16:29:03:9322][restartedMain] INFO  o.s.b.w.e.u.UndertowWebServer - Undertow started on port(s) 8080 (http)
[2022-07-22 16:29:03:9332][restartedMain] INFO  s.d.s.w.p.DocumentationPluginsBootstrapper - Context refreshed
[2022-07-22 16:29:03:9345][restartedMain] INFO  s.d.s.w.p.DocumentationPluginsBootstrapper - Found 1 custom documentation plugin(s)
[2022-07-22 16:29:03:9427][restartedMain] INFO  s.d.s.w.s.ApiListingReferenceScanner - Scanning for api listing references
[2022-07-22 16:29:03:9700][restartedMain] INFO  G.GoGetter.GoGetterApplication - Started GoGetterApplication in 9.21 seconds (JVM running for 10.16)
[2022-07-22 16:29:25:31492][XNIO-1 task-1] INFO  io.undertow.servlet - Initializing Spring DispatcherServlet 'dispatcherServlet'
[2022-07-22 16:29:25:31494][XNIO-1 task-1] INFO  o.s.web.servlet.DispatcherServlet - Initializing Servlet 'dispatcherServlet'
[2022-07-22 16:29:25:31498][XNIO-1 task-1] INFO  o.s.web.servlet.DispatcherServlet - Completed initialization in 4 ms
[2022-07-22 16:29:25:31618][XNIO-1 task-1] INFO  G.GoGetter.test.TestController - info test
[2022-07-22 16:29:25:31619][XNIO-1 task-1] WARN  G.GoGetter.test.TestController - warn test
[2022-07-22 16:29:25:31619][XNIO-1 task-1] ERROR G.GoGetter.test.TestController - error test
[2022-07-22 16:29:25:32096][XNIO-1 task-1] INFO  G.GoGetter.test.TestController - info test
[2022-07-22 16:29:25:32102][XNIO-1 task-1] WARN  G.GoGetter.test.TestController - warn test
[2022-07-22 16:29:25:32102][XNIO-1 task-1] ERROR G.GoGetter.test.TestController - error test
[2022-07-22 16:29:34:40990][XNIO-1 task-1] INFO  G.GoGetter.test.TestController - info test
[2022-07-22 16:29:34:40995][XNIO-1 task-1] WARN  G.GoGetter.test.TestController - warn test
[2022-07-22 16:29:34:40997][XNIO-1 task-1] ERROR G.GoGetter.test.TestController - error test
[2022-07-22 16:29:54:60295][SpringApplicationShutdownHook] INFO  io.undertow - stopping server: Undertow - 2.2.18.Final
[2022-07-22 16:29:54:60304][SpringApplicationShutdownHook] INFO  io.undertow.servlet - Destroying Spring FrameworkServlet 'dispatcherServlet'
[2022-07-22 16:29:54:60457][SpringApplicationShutdownHook] INFO  o.s.o.j.LocalContainerEntityManagerFactoryBean - Closing JPA EntityManagerFactory for persistence unit 'default'
[2022-07-22 16:29:54:60467][SpringApplicationShutdownHook] INFO  com.zaxxer.hikari.HikariDataSource - HikariPool-1 - Shutdown initiated...
[2022-07-22 16:29:54:60487][SpringApplicationShutdownHook] INFO  com.zaxxer.hikari.HikariDataSource - HikariPool-1 - Shutdown completed.
